\BOOKMARK [1][-]{section.1}{Introduction}{}% 1
\BOOKMARK [1][-]{section.2}{Background\040and\040Design\040Motivation}{}% 2
\BOOKMARK [1][-]{section.3}{System\040Design}{}% 3
\BOOKMARK [2][-]{subsection.3.1}{Overview}{section.3}% 4
\BOOKMARK [2][-]{subsection.3.2}{Twins\040Page\040Mapping}{section.3}% 5
\BOOKMARK [2][-]{subsection.3.3}{Coordinating\040with\040Hybrid\040Memory\040System}{section.3}% 6
\BOOKMARK [3][-]{subsubsection.3.3.1}{Avoid\040Intercepting\040All\040Memory\040Requests}{subsection.3.3}% 7
\BOOKMARK [3][-]{subsubsection.3.3.2}{Mitigating\040Metadata\040Overhead}{subsection.3.3}% 8
\BOOKMARK [1][-]{section.4}{Implementation}{}% 9
\BOOKMARK [2][-]{subsection.4.1}{Metadata\040Management}{section.4}% 10
\BOOKMARK [2][-]{subsection.4.2}{Page\040Movement\040Between\040DRAM\040and\040PCM}{section.4}% 11
\BOOKMARK [2][-]{subsection.4.3}{Derivation\040Page\040Management}{section.4}% 12
\BOOKMARK [3][-]{subsubsection.4.3.1}{Derivation\040Page\040Pool}{subsection.4.3}% 13
\BOOKMARK [3][-]{subsubsection.4.3.2}{Allocating\040Derivation\040Page}{subsection.4.3}% 14
\BOOKMARK [3][-]{subsubsection.4.3.3}{Releasing\040Derivation\040Page}{subsection.4.3}% 15
\BOOKMARK [2][-]{subsection.4.4}{Checkpointing}{section.4}% 16
\BOOKMARK [1][-]{section.5}{Evaluation}{}% 17
\BOOKMARK [2][-]{subsection.5.1}{Experimental\040Methodology}{section.5}% 18
\BOOKMARK [3][-]{subsubsection.5.1.1}{Experimental\040Platform}{subsection.5.1}% 19
\BOOKMARK [3][-]{subsubsection.5.1.2}{Comparison}{subsection.5.1}% 20
\BOOKMARK [3][-]{table.caption.8}{Workloads}{subsection.5.1}% 21
\BOOKMARK [2][-]{subsection.5.2}{Overall\040Evaluation}{section.5}% 22
\BOOKMARK [2][-]{subsection.5.3}{Storage\040Overhead}{section.5}% 23
\BOOKMARK [2][-]{subsection.5.4}{Metadata\040Overhead}{section.5}% 24
\BOOKMARK [1][-]{section.6}{Conclusion}{}% 25
